#
# There is insufficient memory for the Java Runtime Environment to continue.
# Native memory allocation (malloc) failed to allocate 32744 bytes for ChunkPool::allocate
# Possible reasons:
#   The system is out of physical RAM or swap space
#   The process is running with CompressedOops enabled, and the Java Heap may be blocking the growth of the native heap
# Possible solutions:
#   Reduce memory load on the system
#   Increase physical memory or swap space
#   Check if swap backing store is full
#   Decrease Java heap size (-Xmx/-Xms)
#   Decrease number of Java threads
#   Decrease Java thread stack sizes (-Xss)
#   Set larger code cache with -XX:ReservedCodeCacheSize=
#   JVM is running with Unscaled Compressed Oops mode in which the Java heap is
#     placed in the first 4GB address space. The Java Heap base address is the
#     maximum limit for the native heap growth. Please use -XX:HeapBaseMinAddress
#     to set the Java Heap base and to place the Java Heap above 4GB virtual address.
# This output file may be truncated or incomplete.
#
#  Out of Memory Error (arena.cpp:78), pid=24380, tid=11568
#
# JRE version: Java(TM) SE Runtime Environment (17.0.3.1+2) (build 17.0.3.1+2-LTS-6)
# Java VM: Java HotSpot(TM) 64-Bit Server VM (17.0.3.1+2-LTS-6, mixed mode, sharing, tiered, compressed oops, compressed class ptrs, g1 gc, windows-amd64)
# No core dump will be written. Minidumps are not enabled by default on client versions of Windows
#

---------------  S U M M A R Y ------------

Command Line: -javaagent:C:\Program Files\JetBrains\IntelliJ IDEA Community Edition 2022.1.3\lib\idea_rt.jar=52049:C:\Program Files\JetBrains\IntelliJ IDEA Community Edition 2022.1.3\bin -Dfile.encoding=UTF-8 com.example.thesimpleeventapp.TheSimpleEventAppApplication

Host: AMD Ryzen 5 2500U with Radeon Vega Mobile Gfx  , 8 cores, 3G,  Windows 10 , 64 bit Build 19041 (10.0.19041.5915)
Time: Tue Jul  1 15:05:05 2025 Central Europe Daylight Time elapsed time: 117.285371 seconds (0d 0h 1m 57s)

---------------  T H R E A D  ---------------

Current thread (0x000001a16dd85340):  JavaThread "C2 CompilerThread0" daemon [_thread_in_native, id=11568, stack(0x00000061ebf00000,0x00000061ec000000)]


Current CompileTask:
C2: 117286 8578       4       jdk.internal.org.objectweb.asm.ClassWriter::toByteArray (1515 bytes)

Stack: [0x00000061ebf00000,0x00000061ec000000]
Native frames: (J=compiled Java code, j=interpreted, Vv=VM code, C=native code)
V  [jvm.dll+0x6711ba]
V  [jvm.dll+0x7d0834]
V  [jvm.dll+0x7d1fde]
V  [jvm.dll+0x7d2643]
V  [jvm.dll+0x242c85]
V  [jvm.dll+0xaa7c0]
V  [jvm.dll+0xaab0c]
V  [jvm.dll+0xaa68b]
V  [jvm.dll+0x64f926]
V  [jvm.dll+0x64e284]
V  [jvm.dll+0x611dab]
V  [jvm.dll+0x60b1fe]
V  [jvm.dll+0x33bcf9]
V  [jvm.dll+0x3398ee]
V  [jvm.dll+0x685f45]
V  [jvm.dll+0x689425]
V  [jvm.dll+0x68161b]
V  [jvm.dll+0x680c57]
V  [jvm.dll+0x67eb52]
V  [jvm.dll+0x1a4dac]
V  [jvm.dll+0x1a5976]
V  [jvm.dll+0x2a8bf4]
V  [jvm.dll+0x68961b]
V  [jvm.dll+0x68161b]
V  [jvm.dll+0x680c57]
V  [jvm.dll+0x67eb52]
V  [jvm.dll+0x1a4dac]
V  [jvm.dll+0x214d48]
V  [jvm.dll+0x1a1c3d]
V  [jvm.dll+0x2249c8]
V  [jvm.dll+0x222b2c]
V  [jvm.dll+0x78650b]
V  [jvm.dll+0x780aca]
V  [jvm.dll+0x670045]
C  [ucrtbase.dll+0x21bb2]
C  [KERNEL32.DLL+0x17374]
C  [ntdll.dll+0x4cc91]


---------------  P R O C E S S  ---------------

Threads class SMR info:
_java_thread_list=0x000001a17418b0a0, length=34, elements={
0x000001a1526f3930, 0x000001a1526f8e90, 0x000001a16dd7a960, 0x000001a16dd7b640,
0x000001a16dd7c120, 0x000001a16dd7ca00, 0x000001a16dd85340, 0x000001a16dd8a8c0,
0x000001a16dd8e570, 0x000001a16e831880, 0x000001a16ecd9ba0, 0x000001a16ecda070,
0x000001a173c98010, 0x000001a171190030, 0x000001a170f79a10, 0x000001a170f7c090,
0x000001a170f7bbc0, 0x000001a170f7ca30, 0x000001a170f7ad50, 0x000001a170f79ee0,
0x000001a170f7a3b0, 0x000001a170f7a880, 0x000001a170f7b220, 0x000001a170f7b6f0,
0x000001a170f7c560, 0x000001a170f79070, 0x000001a174788580, 0x000001a174782a10,
0x000001a174787be0, 0x000001a174784220, 0x000001a174785090, 0x000001a174785560,
0x000001a174785a30, 0x000001a174784bc0
}

Java Threads: ( => current thread )
  0x000001a1526f3930 JavaThread "Reference Handler" daemon [_thread_blocked, id=11388, stack(0x00000061eb900000,0x00000061eba00000)]
  0x000001a1526f8e90 JavaThread "Finalizer" daemon [_thread_blocked, id=23996, stack(0x00000061eba00000,0x00000061ebb00000)]
  0x000001a16dd7a960 JavaThread "Signal Dispatcher" daemon [_thread_blocked, id=21568, stack(0x00000061ebb00000,0x00000061ebc00000)]
  0x000001a16dd7b640 JavaThread "Attach Listener" daemon [_thread_blocked, id=12500, stack(0x00000061ebc00000,0x00000061ebd00000)]
  0x000001a16dd7c120 JavaThread "Service Thread" daemon [_thread_blocked, id=22832, stack(0x00000061ebd00000,0x00000061ebe00000)]
  0x000001a16dd7ca00 JavaThread "Monitor Deflation Thread" daemon [_thread_blocked, id=4916, stack(0x00000061ebe00000,0x00000061ebf00000)]
=>0x000001a16dd85340 JavaThread "C2 CompilerThread0" daemon [_thread_in_native, id=11568, stack(0x00000061ebf00000,0x00000061ec000000)]
  0x000001a16dd8a8c0 JavaThread "C1 CompilerThread0" daemon [_thread_blocked, id=11184, stack(0x00000061ec000000,0x00000061ec100000)]
  0x000001a16dd8e570 JavaThread "Sweeper thread" daemon [_thread_blocked, id=17052, stack(0x00000061ec100000,0x00000061ec200000)]
  0x000001a16e831880 JavaThread "Common-Cleaner" daemon [_thread_blocked, id=20064, stack(0x00000061ec200000,0x00000061ec300000)]
  0x000001a16ecd9ba0 JavaThread "Monitor Ctrl-Break" daemon [_thread_in_native, id=18568, stack(0x00000061ec300000,0x00000061ec400000)]
  0x000001a16ecda070 JavaThread "Notification Thread" daemon [_thread_blocked, id=19444, stack(0x00000061ec400000,0x00000061ec500000)]
  0x000001a173c98010 JavaThread "PostgreSQL-JDBC-Cleaner" daemon [_thread_blocked, id=3660, stack(0x00000061ecf00000,0x00000061ed000000)]
  0x000001a171190030 JavaThread "HikariPool-1:housekeeper" daemon [_thread_blocked, id=13844, stack(0x00000061ed000000,0x00000061ed100000)]
  0x000001a170f79a10 JavaThread "Catalina-utility-1" [_thread_blocked, id=9432, stack(0x00000061ed100000,0x00000061ed200000)]
  0x000001a170f7c090 JavaThread "Catalina-utility-2" [_thread_blocked, id=11996, stack(0x00000061ed200000,0x00000061ed300000)]
  0x000001a170f7bbc0 JavaThread "container-0" [_thread_blocked, id=12476, stack(0x00000061ed300000,0x00000061ed400000)]
  0x000001a170f7ca30 JavaThread "MessageBroker-1" [_thread_blocked, id=3932, stack(0x00000061ed400000,0x00000061ed500000)]
  0x000001a170f7ad50 JavaThread "http-nio-8080-exec-1" daemon [_thread_blocked, id=11408, stack(0x00000061ed500000,0x00000061ed600000)]
  0x000001a170f79ee0 JavaThread "http-nio-8080-exec-2" daemon [_thread_blocked, id=23276, stack(0x00000061ed600000,0x00000061ed700000)]
  0x000001a170f7a3b0 JavaThread "http-nio-8080-exec-3" daemon [_thread_blocked, id=4856, stack(0x00000061ed700000,0x00000061ed800000)]
  0x000001a170f7a880 JavaThread "http-nio-8080-exec-4" daemon [_thread_blocked, id=22756, stack(0x00000061ed800000,0x00000061ed900000)]
  0x000001a170f7b220 JavaThread "http-nio-8080-exec-5" daemon [_thread_blocked, id=21052, stack(0x00000061ed900000,0x00000061eda00000)]
  0x000001a170f7b6f0 JavaThread "http-nio-8080-exec-6" daemon [_thread_blocked, id=13144, stack(0x00000061eda00000,0x00000061edb00000)]
  0x000001a170f7c560 JavaThread "http-nio-8080-exec-7" daemon [_thread_blocked, id=8028, stack(0x00000061edb00000,0x00000061edc00000)]
  0x000001a170f79070 JavaThread "http-nio-8080-exec-8" daemon [_thread_blocked, id=3740, stack(0x00000061edc00000,0x00000061edd00000)]
  0x000001a174788580 JavaThread "http-nio-8080-exec-9" daemon [_thread_blocked, id=4336, stack(0x00000061edd00000,0x00000061ede00000)]
  0x000001a174782a10 JavaThread "http-nio-8080-exec-10" daemon [_thread_blocked, id=22820, stack(0x00000061ede00000,0x00000061edf00000)]
  0x000001a174787be0 JavaThread "http-nio-8080-Poller" daemon [_thread_in_native, id=13392, stack(0x00000061edf00000,0x00000061ee000000)]
  0x000001a174784220 JavaThread "http-nio-8080-Acceptor" daemon [_thread_in_native, id=24104, stack(0x00000061ee000000,0x00000061ee100000)]
  0x000001a174785090 JavaThread "MessageBroker-2" [_thread_blocked, id=19916, stack(0x00000061ee100000,0x00000061ee200000)]
  0x000001a174785560 JavaThread "MessageBroker-3" [_thread_blocked, id=21988, stack(0x00000061ee200000,0x00000061ee300000)]
  0x000001a174785a30 JavaThread "DestroyJavaVM" [_thread_blocked, id=13164, stack(0x00000061eb200000,0x00000061eb300000)]
  0x000001a174784bc0 JavaThread "MessageBroker-4" [_thread_blocked, id=20764, stack(0x00000061eaf00000,0x00000061eb000000)]

Other Threads:
  0x000001a1526ee780 VMThread "VM Thread" [stack: 0x00000061eb800000,0x00000061eb900000] [id=20908]
  0x000001a16ecda540 WatcherThread [stack: 0x00000061ec500000,0x00000061ec600000] [id=14384]
  0x000001a152671be0 GCTaskThread "GC Thread#0" [stack: 0x00000061eb300000,0x00000061eb400000] [id=15784]
  0x000001a16f2562c0 GCTaskThread "GC Thread#1" [stack: 0x00000061ec600000,0x00000061ec700000] [id=13368]
  0x000001a16f395aa0 GCTaskThread "GC Thread#2" [stack: 0x00000061ec700000,0x00000061ec800000] [id=20680]
  0x000001a16f395d50 GCTaskThread "GC Thread#3" [stack: 0x00000061ec800000,0x00000061ec900000] [id=22840]
  0x000001a16f398420 GCTaskThread "GC Thread#4" [stack: 0x00000061ec900000,0x00000061eca00000] [id=12656]
  0x000001a16f398ee0 GCTaskThread "GC Thread#5" [stack: 0x00000061eca00000,0x00000061ecb00000] [id=14040]
  0x000001a16f399610 GCTaskThread "GC Thread#6" [stack: 0x00000061ecb00000,0x00000061ecc00000] [id=19584]
  0x000001a16f3998c0 GCTaskThread "GC Thread#7" [stack: 0x00000061ecc00000,0x00000061ecd00000] [id=24228]
  0x000001a15267b410 ConcurrentGCThread "G1 Main Marker" [stack: 0x00000061eb400000,0x00000061eb500000] [id=4660]
  0x000001a15267c4d0 ConcurrentGCThread "G1 Conc#0" [stack: 0x00000061eb500000,0x00000061eb600000] [id=18224]
  0x000001a16fe77ce0 ConcurrentGCThread "G1 Conc#1" [stack: 0x00000061ece00000,0x00000061ecf00000] [id=20496]
  0x000001a1526cce20 ConcurrentGCThread "G1 Refine#0" [stack: 0x00000061eb600000,0x00000061eb700000] [id=18208]
  0x000001a1526d1280 ConcurrentGCThread "G1 Service" [stack: 0x00000061eb700000,0x00000061eb800000] [id=16516]

Threads with active compile tasks:
C2 CompilerThread0   117397 8578       4       jdk.internal.org.objectweb.asm.ClassWriter::toByteArray (1515 bytes)

VM state: not at safepoint (normal execution)

VM Mutex/Monitor currently owned by a thread: None

Heap address: 0x00000000c7200000, size: 910 MB, Compressed Oops mode: 32-bit

CDS archive(s) mapped at: [0x0000000800000000-0x0000000800bc0000-0x0000000800bc0000), size 12320768, SharedBaseAddress: 0x0000000800000000, ArchiveRelocationMode: 0.
Compressed class space mapped at: 0x0000000800c00000-0x0000000840c00000, reserved size: 1073741824
Narrow klass base: 0x0000000800000000, Narrow klass shift: 0, Narrow klass range: 0x100000000

GC Precious Log:
 CPUs: 8 total, 8 available
 Memory: 3638M
 Large Page Support: Disabled
 NUMA Support: Disabled
 Compressed Oops: Enabled (32-bit)
 Heap Region Size: 1M
 Heap Min Capacity: 8M
 Heap Initial Capacity: 58M
 Heap Max Capacity: 910M
 Pre-touch: Disabled
 Parallel Workers: 8
 Concurrent Workers: 2
 Concurrent Refinement Workers: 8
 Periodic GC: Disabled

Heap:
 garbage-first heap   total 97280K, used 63754K [0x00000000c7200000, 0x0000000100000000)
  region size 1024K, 22 young (22528K), 4 survivors (4096K)
 Metaspace       used 89436K, committed 90112K, reserved 1130496K
  class space    used 12548K, committed 12864K, reserved 1048576K

Heap Regions: E=young(eden), S=young(survivor), O=old, HS=humongous(starts), HC=humongous(continues), CS=collection set, F=free, OA=open archive, CA=closed archive, TAMS=top-at-mark-start (previous, next)
|   0|0x00000000c7200000, 0x00000000c7300000, 0x00000000c7300000|100%|HS|  |TAMS 0x00000000c7300000, 0x00000000c7200000| Complete 
|   1|0x00000000c7300000, 0x00000000c7400000, 0x00000000c7400000|100%|HS|  |TAMS 0x00000000c7400000, 0x00000000c7300000| Complete 
|   2|0x00000000c7400000, 0x00000000c7500000, 0x00000000c7500000|100%| O|  |TAMS 0x00000000c7500000, 0x00000000c7400000| Untracked 
|   3|0x00000000c7500000, 0x00000000c7600000, 0x00000000c7600000|100%| O|  |TAMS 0x00000000c7600000, 0x00000000c7500000| Untracked 
|   4|0x00000000c7600000, 0x00000000c7700000, 0x00000000c7700000|100%| O|  |TAMS 0x00000000c7700000, 0x00000000c7600000| Untracked 
|   5|0x00000000c7700000, 0x00000000c7800000, 0x00000000c7800000|100%| O|  |TAMS 0x00000000c7800000, 0x00000000c7700000| Untracked 
|   6|0x00000000c7800000, 0x00000000c7900000, 0x00000000c7900000|100%| O|  |TAMS 0x00000000c7900000, 0x00000000c7800000| Untracked 
|   7|0x00000000c7900000, 0x00000000c7a00000, 0x00000000c7a00000|100%| O|  |TAMS 0x00000000c7a00000, 0x00000000c7900000| Untracked 
|   8|0x00000000c7a00000, 0x00000000c7b00000, 0x00000000c7b00000|100%| O|  |TAMS 0x00000000c7b00000, 0x00000000c7a00000| Untracked 
|   9|0x00000000c7b00000, 0x00000000c7c00000, 0x00000000c7c00000|100%| O|  |TAMS 0x00000000c7c00000, 0x00000000c7b00000| Untracked 
|  10|0x00000000c7c00000, 0x00000000c7d00000, 0x00000000c7d00000|100%| O|  |TAMS 0x00000000c7d00000, 0x00000000c7c00000| Untracked 
|  11|0x00000000c7d00000, 0x00000000c7e00000, 0x00000000c7e00000|100%| O|  |TAMS 0x00000000c7e00000, 0x00000000c7d00000| Untracked 
|  12|0x00000000c7e00000, 0x00000000c7f00000, 0x00000000c7f00000|100%| O|  |TAMS 0x00000000c7f00000, 0x00000000c7e00000| Untracked 
|  13|0x00000000c7f00000, 0x00000000c8000000, 0x00000000c8000000|100%| O|  |TAMS 0x00000000c8000000, 0x00000000c7f00000| Untracked 
|  14|0x00000000c8000000, 0x00000000c8100000, 0x00000000c8100000|100%| O|  |TAMS 0x00000000c8100000, 0x00000000c8000000| Untracked 
|  15|0x00000000c8100000, 0x00000000c8200000, 0x00000000c8200000|100%| O|  |TAMS 0x00000000c8200000, 0x00000000c8100000| Untracked 
|  16|0x00000000c8200000, 0x00000000c8300000, 0x00000000c8300000|100%| O|  |TAMS 0x00000000c8300000, 0x00000000c8200000| Untracked 
|  17|0x00000000c8300000, 0x00000000c8400000, 0x00000000c8400000|100%| O|  |TAMS 0x00000000c8400000, 0x00000000c8300000| Untracked 
|  18|0x00000000c8400000, 0x00000000c8500000, 0x00000000c8500000|100%| O|  |TAMS 0x00000000c8500000, 0x00000000c8400000| Untracked 
|  19|0x00000000c8500000, 0x00000000c8600000, 0x00000000c8600000|100%| O|  |TAMS 0x00000000c8600000, 0x00000000c8500000| Untracked 
|  20|0x00000000c8600000, 0x00000000c8700000, 0x00000000c8700000|100%| O|  |TAMS 0x00000000c8700000, 0x00000000c8600000| Untracked 
|  21|0x00000000c8700000, 0x00000000c8800000, 0x00000000c8800000|100%| O|  |TAMS 0x00000000c8800000, 0x00000000c8700000| Untracked 
|  22|0x00000000c8800000, 0x00000000c8900000, 0x00000000c8900000|100%| O|  |TAMS 0x00000000c8900000, 0x00000000c8800000| Untracked 
|  23|0x00000000c8900000, 0x00000000c8a00000, 0x00000000c8a00000|100%| O|  |TAMS 0x00000000c8a00000, 0x00000000c8900000| Untracked 
|  24|0x00000000c8a00000, 0x00000000c8b00000, 0x00000000c8b00000|100%| O|  |TAMS 0x00000000c8b00000, 0x00000000c8a00000| Untracked 
|  25|0x00000000c8b00000, 0x00000000c8c00000, 0x00000000c8c00000|100%| O|  |TAMS 0x00000000c8c00000, 0x00000000c8b00000| Untracked 
|  26|0x00000000c8c00000, 0x00000000c8d00000, 0x00000000c8d00000|100%| O|  |TAMS 0x00000000c8d00000, 0x00000000c8c00000| Untracked 
|  27|0x00000000c8d00000, 0x00000000c8e00000, 0x00000000c8e00000|100%| O|  |TAMS 0x00000000c8e00000, 0x00000000c8d00000| Untracked 
|  28|0x00000000c8e00000, 0x00000000c8f00000, 0x00000000c8f00000|100%| O|  |TAMS 0x00000000c8f00000, 0x00000000c8e00000| Untracked 
|  29|0x00000000c8f00000, 0x00000000c9000000, 0x00000000c9000000|100%| O|  |TAMS 0x00000000c9000000, 0x00000000c8f00000| Untracked 
|  30|0x00000000c9000000, 0x00000000c9100000, 0x00000000c9100000|100%| O|  |TAMS 0x00000000c9100000, 0x00000000c9000000| Untracked 
|  31|0x00000000c9100000, 0x00000000c9200000, 0x00000000c9200000|100%| O|  |TAMS 0x00000000c9200000, 0x00000000c9100000| Untracked 
|  32|0x00000000c9200000, 0x00000000c9300000, 0x00000000c9300000|100%| O|  |TAMS 0x00000000c9300000, 0x00000000c9200000| Untracked 
|  33|0x00000000c9300000, 0x00000000c9400000, 0x00000000c9400000|100%| O|  |TAMS 0x00000000c9300000, 0x00000000c9300000| Untracked 
|  34|0x00000000c9400000, 0x00000000c9500000, 0x00000000c9500000|100%| O|  |TAMS 0x00000000c9400000, 0x00000000c9400000| Untracked 
|  35|0x00000000c9500000, 0x00000000c9600000, 0x00000000c9600000|100%| O|  |TAMS 0x00000000c9600000, 0x00000000c9500000| Untracked 
|  36|0x00000000c9600000, 0x00000000c9700000, 0x00000000c9700000|100%| O|  |TAMS 0x00000000c9700000, 0x00000000c9600000| Untracked 
|  37|0x00000000c9700000, 0x00000000c9800000, 0x00000000c9800000|100%| O|  |TAMS 0x00000000c9700000, 0x00000000c9700000| Untracked 
|  38|0x00000000c9800000, 0x00000000c9842a00, 0x00000000c9900000| 26%| O|  |TAMS 0x00000000c9800000, 0x00000000c9800000| Untracked 
|  39|0x00000000c9900000, 0x00000000c9a00000, 0x00000000c9a00000|100%| O|  |TAMS 0x00000000c995ee00, 0x00000000c9900000| Untracked 
|  40|0x00000000c9a00000, 0x00000000c9b00000, 0x00000000c9b00000|100%| O|  |TAMS 0x00000000c9a00000, 0x00000000c9a00000| Untracked 
|  41|0x00000000c9b00000, 0x00000000c9c00000, 0x00000000c9c00000|100%| O|  |TAMS 0x00000000c9b00000, 0x00000000c9b00000| Untracked 
|  42|0x00000000c9c00000, 0x00000000c9d00000, 0x00000000c9d00000|100%| O|  |TAMS 0x00000000c9c00000, 0x00000000c9c00000| Untracked 
|  43|0x00000000c9d00000, 0x00000000c9d00000, 0x00000000c9e00000|  0%| F|  |TAMS 0x00000000c9d00000, 0x00000000c9d00000| Untracked 
|  44|0x00000000c9e00000, 0x00000000c9e00000, 0x00000000c9f00000|  0%| F|  |TAMS 0x00000000c9e00000, 0x00000000c9e00000| Untracked 
|  45|0x00000000c9f00000, 0x00000000c9f00000, 0x00000000ca000000|  0%| F|  |TAMS 0x00000000c9f00000, 0x00000000c9f00000| Untracked 
|  46|0x00000000ca000000, 0x00000000ca000000, 0x00000000ca100000|  0%| F|  |TAMS 0x00000000ca000000, 0x00000000ca000000| Untracked 
|  47|0x00000000ca100000, 0x00000000ca100000, 0x00000000ca200000|  0%| F|  |TAMS 0x00000000ca100000, 0x00000000ca100000| Untracked 
|  48|0x00000000ca200000, 0x00000000ca200000, 0x00000000ca300000|  0%| F|  |TAMS 0x00000000ca200000, 0x00000000ca200000| Untracked 
|  49|0x00000000ca300000, 0x00000000ca300000, 0x00000000ca400000|  0%| F|  |TAMS 0x00000000ca300000, 0x00000000ca300000| Untracked 
|  50|0x00000000ca400000, 0x00000000ca400000, 0x00000000ca500000|  0%| F|  |TAMS 0x00000000ca400000, 0x00000000ca400000| Untracked 
|  51|0x00000000ca500000, 0x00000000ca500000, 0x00000000ca600000|  0%| F|  |TAMS 0x00000000ca500000, 0x00000000ca500000| Untracked 
|  52|0x00000000ca600000, 0x00000000ca600000, 0x00000000ca700000|  0%| F|  |TAMS 0x00000000ca600000, 0x00000000ca600000| Untracked 
|  53|0x00000000ca700000, 0x00000000ca700000, 0x00000000ca800000|  0%| F|  |TAMS 0x00000000ca700000, 0x00000000ca700000| Untracked 
|  54|0x00000000ca800000, 0x00000000ca800000, 0x00000000ca900000|  0%| F|  |TAMS 0x00000000ca800000, 0x00000000ca800000| Untracked 
|  55|0x00000000ca900000, 0x00000000ca900000, 0x00000000caa00000|  0%| F|  |TAMS 0x00000000ca900000, 0x00000000ca900000| Untracked 
|  56|0x00000000caa00000, 0x00000000cab00000, 0x00000000cab00000|100%| S|CS|TAMS 0x00000000caa00000, 0x00000000caa00000| Complete 
|  57|0x00000000cab00000, 0x00000000cab00000, 0x00000000cac00000|  0%| F|  |TAMS 0x00000000cab00000, 0x00000000cab00000| Untracked 
|  58|0x00000000cac00000, 0x00000000cac00000, 0x00000000cad00000|  0%| F|  |TAMS 0x00000000cac00000, 0x00000000cac00000| Untracked 
|  59|0x00000000cad00000, 0x00000000cad00000, 0x00000000cae00000|  0%| F|  |TAMS 0x00000000cad00000, 0x00000000cad00000| Untracked 
|  60|0x00000000cae00000, 0x00000000caf00000, 0x00000000caf00000|100%| S|CS|TAMS 0x00000000cae00000, 0x00000000cae00000| Complete 
|  61|0x00000000caf00000, 0x00000000cb000000, 0x00000000cb000000|100%| S|CS|TAMS 0x00000000caf00000, 0x00000000caf00000| Complete 
|  62|0x00000000cb000000, 0x00000000cb100000, 0x00000000cb100000|100%| S|CS|TAMS 0x00000000cb000000, 0x00000000cb000000| Complete 
|  63|0x00000000cb100000, 0x00000000cb100000, 0x00000000cb200000|  0%| F|  |TAMS 0x00000000cb100000, 0x00000000cb100000| Untracked 
|  64|0x00000000cb200000, 0x00000000cb200000, 0x00000000cb300000|  0%| F|  |TAMS 0x00000000cb200000, 0x00000000cb200000| Untracked 
|  65|0x00000000cb300000, 0x00000000cb300000, 0x00000000cb400000|  0%| F|  |TAMS 0x00000000cb300000, 0x00000000cb300000| Untracked 
|  66|0x00000000cb400000, 0x00000000cb400000, 0x00000000cb500000|  0%| F|  |TAMS 0x00000000cb400000, 0x00000000cb400000| Untracked 
|  67|0x00000000cb500000, 0x00000000cb500000, 0x00000000cb600000|  0%| F|  |TAMS 0x00000000cb500000, 0x00000000cb500000| Untracked 
|  68|0x00000000cb600000, 0x00000000cb600000, 0x00000000cb700000|  0%| F|  |TAMS 0x00000000cb600000, 0x00000000cb600000| Untracked 
|  69|0x00000000cb700000, 0x00000000cb700000, 0x00000000cb800000|  0%| F|  |TAMS 0x00000000cb700000, 0x00000000cb700000| Untracked 
|  70|0x00000000cb800000, 0x00000000cb800000, 0x00000000cb900000|  0%| F|  |TAMS 0x00000000cb800000, 0x00000000cb800000| Untracked 
|  71|0x00000000cb900000, 0x00000000cb900000, 0x00000000cba00000|  0%| F|  |TAMS 0x00000000cb900000, 0x00000000cb900000| Untracked 
|  72|0x00000000cba00000, 0x00000000cba00000, 0x00000000cbb00000|  0%| F|  |TAMS 0x00000000cba00000, 0x00000000cba00000| Untracked 
|  73|0x00000000cbb00000, 0x00000000cbb00000, 0x00000000cbc00000|  0%| F|  |TAMS 0x00000000cbb00000, 0x00000000cbb00000| Untracked 
|  74|0x00000000cbc00000, 0x00000000cbc00000, 0x00000000cbd00000|  0%| F|  |TAMS 0x00000000cbc00000, 0x00000000cbc00000| Untracked 
|  75|0x00000000cbd00000, 0x00000000cbd00000, 0x00000000cbe00000|  0%| F|  |TAMS 0x00000000cbd00000, 0x00000000cbd00000| Untracked 
|  76|0x00000000cbe00000, 0x00000000cbe00000, 0x00000000cbf00000|  0%| F|  |TAMS 0x00000000cbe00000, 0x00000000cbe00000| Untracked 
|  77|0x00000000cbf00000, 0x00000000cbfee0d0, 0x00000000cc000000| 92%| E|  |TAMS 0x00000000cbf00000, 0x00000000cbf00000| Complete 
|  78|0x00000000cc000000, 0x00000000cc100000, 0x00000000cc100000|100%| E|CS|TAMS 0x00000000cc000000, 0x00000000cc000000| Complete 
|  79|0x00000000cc100000, 0x00000000cc200000, 0x00000000cc200000|100%| E|CS|TAMS 0x00000000cc100000, 0x00000000cc100000| Complete 
|  80|0x00000000cc200000, 0x00000000cc300000, 0x00000000cc300000|100%| E|CS|TAMS 0x00000000cc200000, 0x00000000cc200000| Complete 
|  81|0x00000000cc300000, 0x00000000cc400000, 0x00000000cc400000|100%| E|CS|TAMS 0x00000000cc300000, 0x00000000cc300000| Complete 
|  82|0x00000000cc400000, 0x00000000cc500000, 0x00000000cc500000|100%| E|CS|TAMS 0x00000000cc400000, 0x00000000cc400000| Complete 
|  83|0x00000000cc500000, 0x00000000cc600000, 0x00000000cc600000|100%| E|CS|TAMS 0x00000000cc500000, 0x00000000cc500000| Complete 
|  84|0x00000000cc600000, 0x00000000cc700000, 0x00000000cc700000|100%| E|CS|TAMS 0x00000000cc600000, 0x00000000cc600000| Complete 
|  85|0x00000000cc700000, 0x00000000cc800000, 0x00000000cc800000|100%| E|CS|TAMS 0x00000000cc700000, 0x00000000cc700000| Complete 
|  86|0x00000000cc800000, 0x00000000cc900000, 0x00000000cc900000|100%| E|CS|TAMS 0x00000000cc800000, 0x00000000cc800000| Complete 
|  87|0x00000000cc900000, 0x00000000cca00000, 0x00000000cca00000|100%| E|CS|TAMS 0x00000000cc900000, 0x00000000cc900000| Complete 
|  88|0x00000000cca00000, 0x00000000ccb00000, 0x00000000ccb00000|100%| E|CS|TAMS 0x00000000cca00000, 0x00000000cca00000| Complete 
|  89|0x00000000ccb00000, 0x00000000ccc00000, 0x00000000ccc00000|100%| E|CS|TAMS 0x00000000ccb00000, 0x00000000ccb00000| Complete 
|  90|0x00000000ccc00000, 0x00000000ccd00000, 0x00000000ccd00000|100%| E|  |TAMS 0x00000000ccc00000, 0x00000000ccc00000| Complete 
|  91|0x00000000ccd00000, 0x00000000cce00000, 0x00000000cce00000|100%| E|CS|TAMS 0x00000000ccd00000, 0x00000000ccd00000| Complete 
|  92|0x00000000cce00000, 0x00000000ccf00000, 0x00000000ccf00000|100%| E|CS|TAMS 0x00000000cce00000, 0x00000000cce00000| Complete 
|  93|0x00000000ccf00000, 0x00000000cd000000, 0x00000000cd000000|100%| E|CS|TAMS 0x00000000ccf00000, 0x00000000ccf00000| Complete 
|  94|0x00000000cd000000, 0x00000000cd100000, 0x00000000cd100000|100%| E|CS|TAMS 0x00000000cd000000, 0x00000000cd000000| Complete 

Card table byte_map: [0x000001a1693a0000,0x000001a169570000] _byte_map_base: 0x000001a168d67000

Marking Bits (Prev, Next): (CMBitMap*) 0x000001a152673150, (CMBitMap*) 0x000001a152673110
 Prev Bits: [0x000001a16a580000, 0x000001a16b3b8000)
 Next Bits: [0x000001a169740000, 0x000001a16a578000)

Polling page: 0x000001a151e00000

Metaspace:

Usage:
  Non-class:     75.09 MB used.
      Class:     12.25 MB used.
       Both:     87.34 MB used.

Virtual space:
  Non-class space:       80.00 MB reserved,      75.44 MB ( 94%) committed,  10 nodes.
      Class space:        1.00 GB reserved,      12.56 MB (  1%) committed,  1 nodes.
             Both:        1.08 GB reserved,      88.00 MB (  8%) committed. 

Chunk freelists:
   Non-Class:  161.00 KB
       Class:  3.48 MB
        Both:  3.63 MB

MaxMetaspaceSize: unlimited
CompressedClassSpaceSize: 1.00 GB
Initial GC threshold: 21.00 MB
Current GC threshold: 112.00 MB
CDS: on
MetaspaceReclaimPolicy: balanced
 - commit_granule_bytes: 65536.
 - commit_granule_words: 8192.
 - virtual_space_node_default_size: 1048576.
 - enlarge_chunks_in_place: 1.
 - new_chunks_are_fully_committed: 0.
 - uncommit_free_chunks: 1.
 - use_allocation_guard: 0.
 - handle_deallocations: 1.


Internal statistics:

num_allocs_failed_limit: 9.
num_arena_births: 1024.
num_arena_deaths: 0.
num_vsnodes_births: 11.
num_vsnodes_deaths: 0.
num_space_committed: 1408.
num_space_uncommitted: 0.
num_chunks_returned_to_freelist: 9.
num_chunks_taken_from_freelist: 4206.
num_chunk_merges: 9.
num_chunk_splits: 3084.
num_chunks_enlarged: 2435.
num_purges: 0.
num_inconsistent_stats: 0.

CodeHeap 'non-profiled nmethods': size=120000Kb used=4746Kb max_used=4746Kb free=115253Kb
 bounds [0x000001a161970000, 0x000001a161e20000, 0x000001a168ea0000]
CodeHeap 'profiled nmethods': size=120000Kb used=13821Kb max_used=13821Kb free=106178Kb
 bounds [0x000001a15a440000, 0x000001a15b1c0000, 0x000001a161970000]
CodeHeap 'non-nmethods': size=5760Kb used=1399Kb max_used=1429Kb free=4360Kb
 bounds [0x000001a159ea0000, 0x000001a15a110000, 0x000001a15a440000]
 total_blobs=8314 nmethods=7575 adapters=650
 compilation: enabled
              stopped_count=0, restarted_count=0
 full_count=0

Compilation events (20 events):
Event: 117.250 Thread 0x000001a16dd8a8c0 nmethod 8577 0x000001a161e0d110 code [0x000001a161e0d2a0, 0x000001a161e0d378]
Event: 117.250 Thread 0x000001a16dd8a8c0 8574       1       org.hibernate.internal.AbstractSharedSessionContract::getInterceptor (5 bytes)
Event: 117.250 Thread 0x000001a16dd8a8c0 nmethod 8574 0x000001a161e0d410 code [0x000001a161e0d5a0, 0x000001a161e0d678]
Event: 117.250 Thread 0x000001a16dd8a8c0 8575       1       org.hibernate.engine.internal.AbstractEntityEntry::getId (5 bytes)
Event: 117.250 Thread 0x000001a16dd8a8c0 nmethod 8575 0x000001a161e0d710 code [0x000001a161e0d8a0, 0x000001a161e0d978]
Event: 117.250 Thread 0x000001a16dd8a8c0 8576       1       org.hibernate.tuple.entity.EntityMetamodel::getPropertyNames (5 bytes)
Event: 117.250 Thread 0x000001a16dd8a8c0 nmethod 8576 0x000001a161e0da10 code [0x000001a161e0dba0, 0x000001a161e0dc78]
Event: 117.257 Thread 0x000001a16dd85340 8578       4       jdk.internal.org.objectweb.asm.ClassWriter::toByteArray (1515 bytes)
Event: 117.262 Thread 0x000001a16dd8a8c0 8579       1       org.hibernate.persister.collection.AbstractCollectionPersister::getKeyType (5 bytes)
Event: 117.263 Thread 0x000001a16dd8a8c0 nmethod 8579 0x000001a161e0dd10 code [0x000001a161e0dea0, 0x000001a161e0df78]
Event: 117.263 Thread 0x000001a16dd8a8c0 8580       3       sun.nio.cs.StreamEncoder::ensureOpen (18 bytes)
Event: 117.263 Thread 0x000001a16dd8a8c0 nmethod 8580 0x000001a15b1a3d90 code [0x000001a15b1a3f40, 0x000001a15b1a4148]
Event: 117.264 Thread 0x000001a16dd8a8c0 8581       1       org.postgresql.core.QueryExecutorBase::isFlushCacheOnDeallocate (5 bytes)
Event: 117.264 Thread 0x000001a16dd8a8c0 nmethod 8581 0x000001a161e0e010 code [0x000001a161e0e1a0, 0x000001a161e0e278]
Event: 117.268 Thread 0x000001a16dd8a8c0 8582       3       org.springframework.transaction.support.TransactionSynchronizationUtils$ScopedProxyUnwrapper::unwrapIfNecessary (21 bytes)
Event: 117.268 Thread 0x000001a16dd8a8c0 nmethod 8582 0x000001a15b1a4210 code [0x000001a15b1a43e0, 0x000001a15b1a4828]
Event: 117.268 Thread 0x000001a16dd8a8c0 8583       3       org.springframework.transaction.support.TransactionSynchronizationUtils::unwrapResourceIfNecessary (40 bytes)
Event: 117.269 Thread 0x000001a16dd8a8c0 nmethod 8583 0x000001a15b1a4910 code [0x000001a15b1a4b20, 0x000001a15b1a5468]
Event: 117.270 Thread 0x000001a16dd8a8c0 8584       1       org.hibernate.engine.jdbc.mutation.internal.JdbcValueDescriptorImpl::getColumnName (5 bytes)
Event: 117.270 Thread 0x000001a16dd8a8c0 nmethod 8584 0x000001a161e0e310 code [0x000001a161e0e4a0, 0x000001a161e0e578]

GC Heap History (20 events):
Event: 35.694 GC heap before
{Heap before GC invocations=24 (full 0):
 garbage-first heap   total 58368K, used 47534K [0x00000000c7200000, 0x0000000100000000)
  region size 1024K, 18 young (18432K), 3 survivors (3072K)
 Metaspace       used 66458K, committed 67008K, reserved 1114112K
  class space    used 9312K, committed 9600K, reserved 1048576K
}
Event: 35.703 GC heap after
{Heap after GC invocations=25 (full 0):
 garbage-first heap   total 58368K, used 32635K [0x00000000c7200000, 0x0000000100000000)
  region size 1024K, 2 young (2048K), 2 survivors (2048K)
 Metaspace       used 66458K, committed 67008K, reserved 1114112K
  class space    used 9312K, committed 9600K, reserved 1048576K
}
Event: 36.190 GC heap before
{Heap before GC invocations=26 (full 0):
 garbage-first heap   total 63488K, used 46971K [0x00000000c7200000, 0x0000000100000000)
  region size 1024K, 17 young (17408K), 2 survivors (2048K)
 Metaspace       used 68223K, committed 68800K, reserved 1114112K
  class space    used 9691K, committed 9984K, reserved 1048576K
}
Event: 36.202 GC heap after
{Heap after GC invocations=27 (full 0):
 garbage-first heap   total 63488K, used 35198K [0x00000000c7200000, 0x0000000100000000)
  region size 1024K, 3 young (3072K), 3 survivors (3072K)
 Metaspace       used 68223K, committed 68800K, reserved 1114112K
  class space    used 9691K, committed 9984K, reserved 1048576K
}
Event: 37.070 GC heap before
{Heap before GC invocations=27 (full 0):
 garbage-first heap   total 63488K, used 50558K [0x00000000c7200000, 0x0000000100000000)
  region size 1024K, 18 young (18432K), 3 survivors (3072K)
 Metaspace       used 68234K, committed 68800K, reserved 1114112K
  class space    used 9691K, committed 9984K, reserved 1048576K
}
Event: 37.082 GC heap after
{Heap after GC invocations=28 (full 0):
 garbage-first heap   total 63488K, used 40106K [0x00000000c7200000, 0x0000000100000000)
  region size 1024K, 3 young (3072K), 3 survivors (3072K)
 Metaspace       used 68234K, committed 68800K, reserved 1114112K
  class space    used 9691K, committed 9984K, reserved 1048576K
}
Event: 37.274 GC heap before
{Heap before GC invocations=29 (full 0):
 garbage-first heap   total 71680K, used 49322K [0x00000000c7200000, 0x0000000100000000)
  region size 1024K, 12 young (12288K), 3 survivors (3072K)
 Metaspace       used 68235K, committed 68800K, reserved 1114112K
  class space    used 9691K, committed 9984K, reserved 1048576K
}
Event: 37.278 GC heap after
{Heap after GC invocations=30 (full 0):
 garbage-first heap   total 71680K, used 40825K [0x00000000c7200000, 0x0000000100000000)
  region size 1024K, 1 young (1024K), 1 survivors (1024K)
 Metaspace       used 68235K, committed 68800K, reserved 1114112K
  class space    used 9691K, committed 9984K, reserved 1048576K
}
Event: 37.498 GC heap before
{Heap before GC invocations=30 (full 0):
 garbage-first heap   total 71680K, used 56185K [0x00000000c7200000, 0x0000000100000000)
  region size 1024K, 16 young (16384K), 1 survivors (1024K)
 Metaspace       used 68247K, committed 68800K, reserved 1114112K
  class space    used 9691K, committed 9984K, reserved 1048576K
}
Event: 37.503 GC heap after
{Heap after GC invocations=31 (full 0):
 garbage-first heap   total 97280K, used 42998K [0x00000000c7200000, 0x0000000100000000)
  region size 1024K, 2 young (2048K), 2 survivors (2048K)
 Metaspace       used 68247K, committed 68800K, reserved 1114112K
  class space    used 9691K, committed 9984K, reserved 1048576K
}
Event: 38.501 GC heap before
{Heap before GC invocations=32 (full 0):
 garbage-first heap   total 97280K, used 73718K [0x00000000c7200000, 0x0000000100000000)
  region size 1024K, 34 young (34816K), 2 survivors (2048K)
 Metaspace       used 70999K, committed 71616K, reserved 1114112K
  class space    used 10133K, committed 10432K, reserved 1048576K
}
Event: 38.507 GC heap after
{Heap after GC invocations=33 (full 0):
 garbage-first heap   total 97280K, used 43251K [0x00000000c7200000, 0x0000000100000000)
  region size 1024K, 5 young (5120K), 5 survivors (5120K)
 Metaspace       used 70999K, committed 71616K, reserved 1114112K
  class space    used 10133K, committed 10432K, reserved 1048576K
}
Event: 38.535 GC heap before
{Heap before GC invocations=33 (full 0):
 garbage-first heap   total 97280K, used 44275K [0x00000000c7200000, 0x0000000100000000)
  region size 1024K, 6 young (6144K), 5 survivors (5120K)
 Metaspace       used 71163K, committed 71744K, reserved 1114112K
  class space    used 10150K, committed 10432K, reserved 1048576K
}
Event: 38.539 GC heap after
{Heap after GC invocations=34 (full 0):
 garbage-first heap   total 97280K, used 41909K [0x00000000c7200000, 0x0000000100000000)
  region size 1024K, 1 young (1024K), 1 survivors (1024K)
 Metaspace       used 71163K, committed 71744K, reserved 1114112K
  class space    used 10150K, committed 10432K, reserved 1048576K
}
Event: 39.515 GC heap before
{Heap before GC invocations=34 (full 0):
 garbage-first heap   total 97280K, used 73653K [0x00000000c7200000, 0x0000000100000000)
  region size 1024K, 32 young (32768K), 1 survivors (1024K)
 Metaspace       used 73900K, committed 74560K, reserved 1114112K
  class space    used 10547K, committed 10880K, reserved 1048576K
}
Event: 39.519 GC heap after
{Heap after GC invocations=35 (full 0):
 garbage-first heap   total 97280K, used 43443K [0x00000000c7200000, 0x0000000100000000)
  region size 1024K, 3 young (3072K), 3 survivors (3072K)
 Metaspace       used 73900K, committed 74560K, reserved 1114112K
  class space    used 10547K, committed 10880K, reserved 1048576K
}
Event: 40.805 GC heap before
{Heap before GC invocations=35 (full 0):
 garbage-first heap   total 97280K, used 74163K [0x00000000c7200000, 0x0000000100000000)
  region size 1024K, 34 young (34816K), 3 survivors (3072K)
 Metaspace       used 78027K, committed 78656K, reserved 1122304K
  class space    used 11097K, committed 11392K, reserved 1048576K
}
Event: 40.820 GC heap after
{Heap after GC invocations=36 (full 0):
 garbage-first heap   total 97280K, used 45284K [0x00000000c7200000, 0x0000000100000000)
  region size 1024K, 4 young (4096K), 4 survivors (4096K)
 Metaspace       used 78027K, committed 78656K, reserved 1122304K
  class space    used 11097K, committed 11392K, reserved 1048576K
}
Event: 91.307 GC heap before
{Heap before GC invocations=36 (full 0):
 garbage-first heap   total 97280K, used 76004K [0x00000000c7200000, 0x0000000100000000)
  region size 1024K, 35 young (35840K), 4 survivors (4096K)
 Metaspace       used 83580K, committed 84224K, reserved 1122304K
  class space    used 11886K, committed 12224K, reserved 1048576K
}
Event: 91.428 GC heap after
{Heap after GC invocations=37 (full 0):
 garbage-first heap   total 97280K, used 47370K [0x00000000c7200000, 0x0000000100000000)
  region size 1024K, 4 young (4096K), 4 survivors (4096K)
 Metaspace       used 83580K, committed 84224K, reserved 1122304K
  class space    used 11886K, committed 12224K, reserved 1048576K
}

Deoptimization events (20 events):
Event: 114.330 Thread 0x000001a170f79070 Uncommon trap: trap_request=0xffffffc6 fr.pc=0x000001a161dec1c0 relative=0x0000000000000180
Event: 114.330 Thread 0x000001a170f79070 Uncommon trap: reason=bimorphic_or_optimized_type_check action=maybe_recompile pc=0x000001a161dec1c0 method=java.util.regex.Pattern$Branch.match(Ljava/util/regex/Matcher;ILjava/lang/CharSequence;)Z @ 32 c2
Event: 114.330 Thread 0x000001a170f79070 DEOPT PACKING pc=0x000001a161dec1c0 sp=0x00000061edcf8b10
Event: 114.330 Thread 0x000001a170f79070 DEOPT UNPACKING pc=0x000001a159ef23a3 sp=0x00000061edcf8aa0 mode 2
Event: 114.756 Thread 0x000001a170f79070 Uncommon trap: trap_request=0xffffffe5 fr.pc=0x000001a16198e194 relative=0x0000000000000074
Event: 114.756 Thread 0x000001a170f79070 Uncommon trap: reason=range_check action=reinterpret pc=0x000001a16198e194 method=java.lang.StringLatin1.charAt([BI)C @ 1 c2
Event: 114.756 Thread 0x000001a170f79070 DEOPT PACKING pc=0x000001a16198e194 sp=0x00000061edcf9b70
Event: 114.756 Thread 0x000001a170f79070 DEOPT UNPACKING pc=0x000001a159ef23a3 sp=0x00000061edcf9aa8 mode 2
Event: 115.671 Thread 0x000001a170f79070 Uncommon trap: trap_request=0xffffffc6 fr.pc=0x000001a161dec1c0 relative=0x0000000000000180
Event: 115.671 Thread 0x000001a170f79070 Uncommon trap: reason=bimorphic_or_optimized_type_check action=maybe_recompile pc=0x000001a161dec1c0 method=java.util.regex.Pattern$Branch.match(Ljava/util/regex/Matcher;ILjava/lang/CharSequence;)Z @ 32 c2
Event: 115.671 Thread 0x000001a170f79070 DEOPT PACKING pc=0x000001a161dec1c0 sp=0x00000061edcf9290
Event: 115.671 Thread 0x000001a170f79070 DEOPT UNPACKING pc=0x000001a159ef23a3 sp=0x00000061edcf9220 mode 2
Event: 115.917 Thread 0x000001a170f79070 Uncommon trap: trap_request=0xffffffc6 fr.pc=0x000001a161dec1c0 relative=0x0000000000000180
Event: 115.917 Thread 0x000001a170f79070 Uncommon trap: reason=bimorphic_or_optimized_type_check action=maybe_recompile pc=0x000001a161dec1c0 method=java.util.regex.Pattern$Branch.match(Ljava/util/regex/Matcher;ILjava/lang/CharSequence;)Z @ 32 c2
Event: 115.917 Thread 0x000001a170f79070 DEOPT PACKING pc=0x000001a161dec1c0 sp=0x00000061edcf8b10
Event: 115.917 Thread 0x000001a170f79070 DEOPT UNPACKING pc=0x000001a159ef23a3 sp=0x00000061edcf8aa0 mode 2
Event: 117.212 Thread 0x000001a170f79070 Uncommon trap: trap_request=0xffffffc6 fr.pc=0x000001a161dec1c0 relative=0x0000000000000180
Event: 117.212 Thread 0x000001a170f79070 Uncommon trap: reason=bimorphic_or_optimized_type_check action=maybe_recompile pc=0x000001a161dec1c0 method=java.util.regex.Pattern$Branch.match(Ljava/util/regex/Matcher;ILjava/lang/CharSequence;)Z @ 32 c2
Event: 117.212 Thread 0x000001a170f79070 DEOPT PACKING pc=0x000001a161dec1c0 sp=0x00000061edcf9290
Event: 117.212 Thread 0x000001a170f79070 DEOPT UNPACKING pc=0x000001a159ef23a3 sp=0x00000061edcf9220 mode 2

Classes unloaded (0 events):
No events

Classes redefined (0 events):
No events

Internal exceptions (20 events):
Event: 86.801 Thread 0x000001a174784220 Exception <a 'java/lang/NoSuchMethodError'{0x00000000ccccefa0}: 'java.lang.Object java.lang.invoke.DirectMethodHandle$Holder.invokeStaticInit(java.lang.Object, java.lang.Object, java.lang.Object, int, int)'> (0x00000000ccccefa0) 
thrown [t:\workspace\open\src\hotspot\share\interpreter\linkResolver.cpp, line 766]
Event: 87.397 Thread 0x000001a170f7ad50 Exception <a 'java/lang/NoSuchMethodError'{0x00000000cca370b0}: 'java.lang.Object java.lang.invoke.DirectMethodHandle$Holder.invokeSpecial(java.lang.Object, java.lang.Object, java.lang.Object, java.lang.Object, java.lang.Object, long)'> (0x00000000cca370b0) 
thrown [t:\workspace\open\src\hotspot\share\interpreter\linkResolver.cpp, line 766]
Event: 87.398 Thread 0x000001a170f7ad50 Exception <a 'java/lang/NoSuchMethodError'{0x00000000cca3aaf0}: 'java.lang.Object java.lang.invoke.Invokers$Holder.linkToTargetMethod(java.lang.Object, java.lang.Object, java.lang.Object, long, java.lang.Object)'> (0x00000000cca3aaf0) 
thrown [t:\workspace\open\src\hotspot\share\interpreter\linkResolver.cpp, line 766]
Event: 89.139 Thread 0x000001a170f79ee0 Exception <a 'java/lang/NoSuchMethodError'{0x00000000cc1e0220}: 'void java.lang.invoke.DirectMethodHandle$Holder.invokeSpecialIFC(java.lang.Object, java.lang.Object, int, java.lang.Object, java.lang.Object, java.lang.Object, java.lang.Object)'> (0x00000000cc1e0220) 
thrown [t:\workspace\open\src\hotspot\share\interpreter\linkResolver.cpp, line 766]
Event: 91.599 Thread 0x000001a170f79070 Exception <a 'java/lang/IncompatibleClassChangeError'{0x00000000cd073e18}: Found class java.lang.Object, but interface was expected> (0x00000000cd073e18) 
thrown [t:\workspace\open\src\hotspot\share\interpreter\linkResolver.cpp, line 833]
Event: 100.187 Thread 0x000001a174785090 Exception <a 'java/lang/NoSuchMethodError'{0x00000000ccd40a50}: 'java.lang.Object java.lang.invoke.DirectMethodHandle$Holder.invokeSpecial(java.lang.Object, java.lang.Object, long, int, int, int, int, int, int, int, int, int)'> (0x00000000ccd40a50) 
thrown [t:\workspace\open\src\hotspot\share\interpreter\linkResolver.cpp, line 766]
Event: 100.201 Thread 0x000001a174785090 Exception <a 'java/lang/NoSuchMethodError'{0x00000000ccd446e8}: 'java.lang.Object java.lang.invoke.DelegatingMethodHandle$Holder.reinvoke_L(java.lang.Object, long, int, int, int, int, int, int, int, int, int)'> (0x00000000ccd446e8) 
thrown [t:\workspace\open\src\hotspot\share\interpreter\linkResolver.cpp, line 766]
Event: 113.155 Thread 0x000001a170f79070 Exception <a 'java/io/FileNotFoundException'{0x00000000ccb75f20}> (0x00000000ccb75f20) 
thrown [t:\workspace\open\src\hotspot\share\prims\jni.cpp, line 516]
Event: 113.186 Thread 0x000001a170f79070 Exception <a 'java/lang/NullPointerException'{0x00000000cca0bb80}> (0x00000000cca0bb80) 
thrown [t:\workspace\open\src\hotspot\share\interpreter\linkResolver.cpp, line 1357]
Event: 113.186 Thread 0x000001a170f79070 Exception <a 'java/lang/NullPointerException'{0x00000000cca0c928}> (0x00000000cca0c928) 
thrown [t:\workspace\open\src\hotspot\share\interpreter\linkResolver.cpp, line 1357]
Event: 113.186 Thread 0x000001a170f79070 Exception <a 'java/lang/NullPointerException'{0x00000000cca0d6d0}> (0x00000000cca0d6d0) 
thrown [t:\workspace\open\src\hotspot\share\interpreter\linkResolver.cpp, line 1357]
Event: 113.200 Thread 0x000001a170f79070 Exception <a 'java/lang/NullPointerException'{0x00000000cca3ca08}> (0x00000000cca3ca08) 
thrown [t:\workspace\open\src\hotspot\share\interpreter\linkResolver.cpp, line 1357]
Event: 113.200 Thread 0x000001a170f79070 Exception <a 'java/lang/NullPointerException'{0x00000000cca3d7b0}> (0x00000000cca3d7b0) 
thrown [t:\workspace\open\src\hotspot\share\interpreter\linkResolver.cpp, line 1357]
Event: 113.200 Thread 0x000001a170f79070 Exception <a 'java/lang/NullPointerException'{0x00000000cca3e558}> (0x00000000cca3e558) 
thrown [t:\workspace\open\src\hotspot\share\interpreter\linkResolver.cpp, line 1357]
Event: 113.203 Thread 0x000001a170f79070 Exception <a 'java/io/FileNotFoundException'{0x00000000cca4c450}> (0x00000000cca4c450) 
thrown [t:\workspace\open\src\hotspot\share\prims\jni.cpp, line 516]
Event: 113.258 Thread 0x000001a170f79070 Implicit null exception at 0x000001a1619a2372 to 0x000001a1619a293c
Event: 113.549 Thread 0x000001a170f79070 Implicit null exception at 0x000001a1619aa8f2 to 0x000001a1619aaecc
Event: 114.744 Thread 0x000001a170f79070 Exception <a 'java/io/FileNotFoundException'{0x00000000cc17c938}> (0x00000000cc17c938) 
thrown [t:\workspace\open\src\hotspot\share\prims\jni.cpp, line 516]
Event: 114.746 Thread 0x000001a170f79070 Exception <a 'java/io/FileNotFoundException'{0x00000000cc188270}> (0x00000000cc188270) 
thrown [t:\workspace\open\src\hotspot\share\prims\jni.cpp, line 516]
Event: 117.256 Thread 0x000001a170f79070 Exception <a 'java/lang/IncompatibleClassChangeError'{0x00000000cbf611f8}: Found class java.lang.Object, but interface was expected> (0x00000000cbf611f8) 
thrown [t:\workspace\open\src\hotspot\share\interpreter\linkResolver.cpp, line 833]

VM Operations (20 events):
Event: 101.017 Executing VM operation: Cleanup
Event: 101.017 Executing VM operation: Cleanup done
Event: 103.033 Executing VM operation: Cleanup
Event: 103.034 Executing VM operation: Cleanup done
Event: 113.107 Executing VM operation: Cleanup
Event: 113.107 Executing VM operation: Cleanup done
Event: 113.592 Executing VM operation: HandshakeAllThreads
Event: 113.592 Executing VM operation: HandshakeAllThreads done
Event: 113.931 Executing VM operation: HandshakeAllThreads
Event: 113.931 Executing VM operation: HandshakeAllThreads done
Event: 114.158 Executing VM operation: HandshakeAllThreads
Event: 114.158 Executing VM operation: HandshakeAllThreads done
Event: 114.158 Executing VM operation: Cleanup
Event: 114.158 Executing VM operation: Cleanup done
Event: 115.168 Executing VM operation: Cleanup
Event: 115.168 Executing VM operation: Cleanup done
Event: 116.183 Executing VM operation: Cleanup
Event: 116.183 Executing VM operation: Cleanup done
Event: 117.195 Executing VM operation: Cleanup
Event: 117.195 Executing VM operation: Cleanup done

Events (20 events):
Event: 115.666 loading class sun/security/ssl/Alert$AlertConsumer
Event: 115.667 loading class sun/security/ssl/Alert$AlertConsumer done
Event: 115.667 loading class sun/security/ssl/Alert$Level
Event: 115.667 loading class sun/security/ssl/Alert$Level done
Event: 115.857 loading class sun/security/ssl/PreSharedKeyExtension$PskIdentity
Event: 115.857 loading class sun/security/ssl/PreSharedKeyExtension$PskIdentity done
Event: 115.858 loading class sun/security/ssl/PreSharedKeyExtension$CHPreSharedKeySpec
Event: 115.859 loading class sun/security/ssl/PreSharedKeyExtension$CHPreSharedKeySpec done
Event: 115.859 loading class sun/security/ssl/PreSharedKeyExtension$PartialClientHelloMessage
Event: 115.859 loading class sun/security/ssl/PreSharedKeyExtension$PartialClientHelloMessage done
Event: 115.859 loading class sun/security/ssl/SSLEngineOutputRecord
Event: 115.860 loading class sun/security/ssl/SSLEngineOutputRecord done
Event: 115.861 loading class sun/security/ssl/SSLEngineOutputRecord$HandshakeFragment
Event: 115.861 loading class sun/security/ssl/SSLEngineOutputRecord$HandshakeFragment done
Event: 115.862 loading class sun/security/ssl/SSLEngineOutputRecord$HandshakeMemo
Event: 115.862 loading class sun/security/ssl/SSLEngineOutputRecord$RecordMemo
Event: 115.862 loading class sun/security/ssl/SSLEngineOutputRecord$RecordMemo done
Event: 115.862 loading class sun/security/ssl/SSLEngineOutputRecord$HandshakeMemo done
Event: 115.911 loading class sun/security/ssl/PreSharedKeyExtension$SHPreSharedKeySpec
Event: 115.911 loading class sun/security/ssl/PreSharedKeyExtension$SHPreSharedKeySpec done


Dynamic libraries:
0x00007ff770300000 - 0x00007ff770310000 	C:\Program Files\Java\jdk-17.0.3.1\bin\java.exe
0x00007ffa1a530000 - 0x00007ffa1a728000 	C:\Windows\SYSTEM32\ntdll.dll
0x00007ffa185d0000 - 0x00007ffa18692000 	C:\Windows\System32\KERNEL32.DLL
0x00007ffa18040000 - 0x00007ffa18336000 	C:\Windows\System32\KERNELBASE.dll
0x00007ffa18340000 - 0x00007ffa18440000 	C:\Windows\System32\ucrtbase.dll
0x00007ffa0eb30000 - 0x00007ffa0eb4a000 	C:\Program Files\Java\jdk-17.0.3.1\bin\VCRUNTIME140.dll
0x00007ffa0eb50000 - 0x00007ffa0eb68000 	C:\Program Files\Java\jdk-17.0.3.1\bin\jli.dll
0x00007ffa18b80000 - 0x00007ffa18c31000 	C:\Windows\System32\ADVAPI32.dll
0x00007ffa186a0000 - 0x00007ffa1873e000 	C:\Windows\System32\msvcrt.dll
0x00007ffa18ed0000 - 0x00007ffa18f6f000 	C:\Windows\System32\sechost.dll
0x00007ffa1a3c0000 - 0x00007ffa1a4e3000 	C:\Windows\System32\RPCRT4.dll
0x00007ffa18010000 - 0x00007ffa18037000 	C:\Windows\System32\bcrypt.dll
0x00007ffa197a0000 - 0x00007ffa1993d000 	C:\Windows\System32\USER32.dll
0x00007ffa04ef0000 - 0x00007ffa0518a000 	C:\Windows\WinSxS\amd64_microsoft.windows.common-controls_6595b64144ccf1df_6.0.19041.5915_none_60b4b9d171f9c7c7\COMCTL32.dll
0x00007ffa18440000 - 0x00007ffa18462000 	C:\Windows\System32\win32u.dll
0x00007ffa18e80000 - 0x00007ffa18eab000 	C:\Windows\System32\GDI32.dll
0x00007ffa17d20000 - 0x00007ffa17e39000 	C:\Windows\System32\gdi32full.dll
0x00007ffa17f70000 - 0x00007ffa1800d000 	C:\Windows\System32\msvcp_win.dll
0x00007ffa0bdf0000 - 0x00007ffa0bdfa000 	C:\Windows\SYSTEM32\VERSION.dll
0x00007ffa1a390000 - 0x00007ffa1a3bf000 	C:\Windows\System32\IMM32.DLL
0x00007ffa0eb20000 - 0x00007ffa0eb2c000 	C:\Program Files\Java\jdk-17.0.3.1\bin\vcruntime140_1.dll
0x00007ff9d4220000 - 0x00007ff9d42ad000 	C:\Program Files\Java\jdk-17.0.3.1\bin\msvcp140.dll
0x00007ff98ed30000 - 0x00007ff98f8f0000 	C:\Program Files\Java\jdk-17.0.3.1\bin\server\jvm.dll
0x00007ffa187a0000 - 0x00007ffa187a8000 	C:\Windows\System32\PSAPI.DLL
0x00007ff9ec060000 - 0x00007ff9ec069000 	C:\Windows\SYSTEM32\WSOCK32.dll
0x00007ffa0bd60000 - 0x00007ffa0bd87000 	C:\Windows\SYSTEM32\WINMM.dll
0x00007ffa18970000 - 0x00007ffa189db000 	C:\Windows\System32\WS2_32.dll
0x00007ffa15a00000 - 0x00007ffa15a12000 	C:\Windows\SYSTEM32\kernel.appcore.dll
0x00007ffa0bab0000 - 0x00007ffa0baba000 	C:\Program Files\Java\jdk-17.0.3.1\bin\jimage.dll
0x00007ffa05190000 - 0x00007ffa05391000 	C:\Windows\SYSTEM32\DBGHELP.DLL
0x00007ffa06f80000 - 0x00007ffa06fb4000 	C:\Windows\SYSTEM32\dbgcore.DLL
0x00007ffa18470000 - 0x00007ffa184f2000 	C:\Windows\System32\bcryptPrimitives.dll
0x00007ffa0f000000 - 0x00007ffa0f00e000 	C:\Program Files\Java\jdk-17.0.3.1\bin\instrument.dll
0x00007ff9ddc50000 - 0x00007ff9ddc75000 	C:\Program Files\Java\jdk-17.0.3.1\bin\java.dll
0x00007ff9d0cd0000 - 0x00007ff9d0da6000 	C:\Program Files\Java\jdk-17.0.3.1\bin\jsvml.dll
0x00007ffa19940000 - 0x00007ffa1a0ae000 	C:\Windows\System32\SHELL32.dll
0x00007ffa15c00000 - 0x00007ffa163a4000 	C:\Windows\SYSTEM32\windows.storage.dll
0x00007ffa18fd0000 - 0x00007ffa19323000 	C:\Windows\System32\combase.dll
0x00007ffa17440000 - 0x00007ffa1746b000 	C:\Windows\SYSTEM32\Wldp.dll
0x00007ffa1a260000 - 0x00007ffa1a32d000 	C:\Windows\System32\OLEAUT32.dll
0x00007ffa189f0000 - 0x00007ffa18a9d000 	C:\Windows\System32\SHCORE.dll
0x00007ffa18f70000 - 0x00007ffa18fcb000 	C:\Windows\System32\shlwapi.dll
0x00007ffa17af0000 - 0x00007ffa17b15000 	C:\Windows\SYSTEM32\profapi.dll
0x00007ff9dd400000 - 0x00007ff9dd418000 	C:\Program Files\Java\jdk-17.0.3.1\bin\zip.dll
0x00007ff9e6dd0000 - 0x00007ff9e6de9000 	C:\Program Files\Java\jdk-17.0.3.1\bin\net.dll
0x00007ffa0fd90000 - 0x00007ffa0fe9a000 	C:\Windows\SYSTEM32\WINHTTP.dll
0x00007ffa17220000 - 0x00007ffa1728a000 	C:\Windows\system32\mswsock.dll
0x00007ff9ddc30000 - 0x00007ff9ddc46000 	C:\Program Files\Java\jdk-17.0.3.1\bin\nio.dll
0x00007ffa06350000 - 0x00007ffa0636a000 	C:\Program Files\JetBrains\IntelliJ IDEA Community Edition 2022.1.3\bin\breakgen64.dll
0x00007ffa15150000 - 0x00007ffa1515e000 	C:\Program Files\Java\jdk-17.0.3.1\bin\sunmscapi.dll
0x00007ffa17bc0000 - 0x00007ffa17d1d000 	C:\Windows\System32\CRYPT32.dll
0x00007ffa17570000 - 0x00007ffa17597000 	C:\Windows\SYSTEM32\ncrypt.dll
0x00007ffa17530000 - 0x00007ffa1756b000 	C:\Windows\SYSTEM32\NTASN1.dll
0x00007ffa17480000 - 0x00007ffa17498000 	C:\Windows\SYSTEM32\CRYPTSP.dll
0x00007ffa16b60000 - 0x00007ffa16b98000 	C:\Windows\system32\rsaenh.dll
0x00007ffa17a70000 - 0x00007ffa17a9e000 	C:\Windows\SYSTEM32\USERENV.dll
0x00007ffa173b0000 - 0x00007ffa173bc000 	C:\Windows\SYSTEM32\CRYPTBASE.dll
0x00007ffa16f20000 - 0x00007ffa16f5b000 	C:\Windows\SYSTEM32\IPHLPAPI.DLL
0x00007ffa189e0000 - 0x00007ffa189e8000 	C:\Windows\System32\NSI.dll
0x00007ffa10df0000 - 0x00007ffa10e07000 	C:\Windows\SYSTEM32\dhcpcsvc6.DLL
0x00007ffa10ce0000 - 0x00007ffa10cfd000 	C:\Windows\SYSTEM32\dhcpcsvc.DLL
0x00007ffa16f60000 - 0x00007ffa1702a000 	C:\Windows\SYSTEM32\DNSAPI.dll
0x00007ffa06340000 - 0x00007ffa06349000 	C:\Program Files\Java\jdk-17.0.3.1\bin\management.dll
0x00007ffa06300000 - 0x00007ffa0630b000 	C:\Program Files\Java\jdk-17.0.3.1\bin\management_ext.dll
0x00007ffa06d20000 - 0x00007ffa06d30000 	C:\Program Files\Java\jdk-17.0.3.1\bin\verify.dll
0x00007ffa0f640000 - 0x00007ffa0f64a000 	C:\Windows\System32\rasadhlp.dll
0x00007ffa0ee10000 - 0x00007ffa0ee90000 	C:\Windows\System32\fwpuclnt.dll
0x00007ffa12600000 - 0x00007ffa12607000 	C:\Windows\system32\wshunix.dll
0x00007ff9e85d0000 - 0x00007ff9e85e7000 	C:\Windows\system32\napinsp.dll
0x00007ff9e8590000 - 0x00007ff9e85ab000 	C:\Windows\system32\pnrpnsp.dll
0x00007ffa12220000 - 0x00007ffa1223d000 	C:\Windows\system32\wshbth.dll
0x00007ffa13420000 - 0x00007ffa1343d000 	C:\Windows\system32\NLAapi.dll
0x00007ff9e84e0000 - 0x00007ff9e84f2000 	C:\Windows\System32\winrnr.dll

dbghelp: loaded successfully - version: 4.0.5 - missing functions: none
symbol engine: initialized successfully - sym options: 0x614 - pdb path: .;C:\Program Files\Java\jdk-17.0.3.1\bin;C:\Windows\SYSTEM32;C:\Windows\WinSxS\amd64_microsoft.windows.common-controls_6595b64144ccf1df_6.0.19041.5915_none_60b4b9d171f9c7c7;C:\Program Files\Java\jdk-17.0.3.1\bin\server;C:\Program Files\JetBrains\IntelliJ IDEA Community Edition 2022.1.3\bin

VM Arguments:
jvm_args: -javaagent:C:\Program Files\JetBrains\IntelliJ IDEA Community Edition 2022.1.3\lib\idea_rt.jar=52049:C:\Program Files\JetBrains\IntelliJ IDEA Community Edition 2022.1.3\bin -Dfile.encoding=UTF-8 
java_command: com.example.thesimpleeventapp.TheSimpleEventAppApplication
java_class_path (initial): C:\Users\Lenovo\Documents\GitHub\praksa-be\theSimpleEventApp\target\classes;C:\Users\Lenovo\.m2\repository\org\springframework\boot\spring-boot-starter-web\3.5.0\spring-boot-starter-web-3.5.0.jar;C:\Users\Lenovo\.m2\repository\org\springframework\boot\spring-boot-starter\3.5.0\spring-boot-starter-3.5.0.jar;C:\Users\Lenovo\.m2\repository\org\springframework\boot\spring-boot\3.5.0\spring-boot-3.5.0.jar;C:\Users\Lenovo\.m2\repository\org\springframework\boot\spring-boot-autoconfigure\3.5.0\spring-boot-autoconfigure-3.5.0.jar;C:\Users\Lenovo\.m2\repository\org\springframework\boot\spring-boot-starter-logging\3.5.0\spring-boot-starter-logging-3.5.0.jar;C:\Users\Lenovo\.m2\repository\ch\qos\logback\logback-classic\1.5.18\logback-classic-1.5.18.jar;C:\Users\Lenovo\.m2\repository\ch\qos\logback\logback-core\1.5.18\logback-core-1.5.18.jar;C:\Users\Lenovo\.m2\repository\org\apache\logging\log4j\log4j-to-slf4j\2.24.3\log4j-to-slf4j-2.24.3.jar;C:\Users\Lenovo\.m2\repository\org\apache\logging\log4j\log4j-api\2.24.3\log4j-api-2.24.3.jar;C:\Users\Lenovo\.m2\repository\org\slf4j\jul-to-slf4j\2.0.17\jul-to-slf4j-2.0.17.jar;C:\Users\Lenovo\.m2\repository\jakarta\annotation\jakarta.annotation-api\2.1.1\jakarta.annotation-api-2.1.1.jar;C:\Users\Lenovo\.m2\repository\org\yaml\snakeyaml\2.4\snakeyaml-2.4.jar;C:\Users\Lenovo\.m2\repository\org\springframework\boot\spring-boot-starter-json\3.5.0\spring-boot-starter-json-3.5.0.jar;C:\Users\Lenovo\.m2\repository\com\fasterxml\jackson\datatype\jackson-datatype-jdk8\2.19.0\jackson-datatype-jdk8-2.19.0.jar;C:\Users\Lenovo\.m2\repository\com\fasterxml\jackson\datatype\jackson-datatype-jsr310\2.19.0\jackson-datatype-jsr310-2.19.0.jar;C:\Users\Lenovo\.m2\repository\com\fasterxml\jackson\module\jackson-module-parameter-names\2.19.0\jackson-module-parameter-names-2.19.0.jar;C:\Users\Lenovo\.m2\repository\org\springframework\boot\spring-boot-starter-tomcat\3.5.0\spring-boot-starter-tomcat-3.5.0.jar;C:\Users\Lenovo\.m2\re
Launcher Type: SUN_STANDARD

[Global flags]
     intx CICompilerCount                          = 4                                         {product} {ergonomic}
     uint ConcGCThreads                            = 2                                         {product} {ergonomic}
     uint G1ConcRefinementThreads                  = 8                                         {product} {ergonomic}
   size_t G1HeapRegionSize                         = 1048576                                   {product} {ergonomic}
    uintx GCDrainStackTargetSize                   = 64                                        {product} {ergonomic}
   size_t InitialHeapSize                          = 60817408                                  {product} {ergonomic}
   size_t MarkStackSize                            = 4194304                                   {product} {ergonomic}
   size_t MaxHeapSize                              = 954204160                                 {product} {ergonomic}
   size_t MaxNewSize                               = 572522496                                 {product} {ergonomic}
   size_t MinHeapDeltaBytes                        = 1048576                                   {product} {ergonomic}
   size_t MinHeapSize                              = 8388608                                   {product} {ergonomic}
    uintx NonNMethodCodeHeapSize                   = 5839372                                {pd product} {ergonomic}
    uintx NonProfiledCodeHeapSize                  = 122909434                              {pd product} {ergonomic}
    uintx ProfiledCodeHeapSize                     = 122909434                              {pd product} {ergonomic}
    uintx ReservedCodeCacheSize                    = 251658240                              {pd product} {ergonomic}
     bool SegmentedCodeCache                       = true                                      {product} {ergonomic}
   size_t SoftMaxHeapSize                          = 954204160                              {manageable} {ergonomic}
     bool UseCompressedClassPointers               = true                           {product lp64_product} {ergonomic}
     bool UseCompressedOops                        = true                           {product lp64_product} {ergonomic}
     bool UseG1GC                                  = true                                      {product} {ergonomic}
     bool UseLargePagesIndividualAllocation        = false                                  {pd product} {ergonomic}

Logging:
Log output configuration:
 #0: stdout all=warning uptime,level,tags
 #1: stderr all=off uptime,level,tags

Environment Variables:
PATH=C:\app\Lenovo\product\21c\dbhomeXE\bin;C:\oraclexe\app\oracle\product\11.2.0\server\bin;C:\Program Files\Common Files\Oracle\Java\javapath;C:\Program Files (x86)\Common Files\Oracle\Java\javapath;C:\Windows\system32;C:\Windows;C:\Windows\System32\Wbem;C:\Windows\System32\WindowsPowerShell\v1.0\;C:\Windows\System32\OpenSSH\;C:\Program Files\dotnet\;C:\Program Files (x86)\Microsoft SQL Server\160\Tools\Binn\;C:\Program Files\Microsoft SQL Server\160\Tools\Binn\;C:\Program Files\Microsoft SQL Server\Client SDK\ODBC\170\Tools\Binn\;C:\Program Files\Microsoft SQL Server\160\DTS\Binn\;C:\Program Files (x86)\Microsoft SQL Server\160\DTS\Binn\;C:\Program Files\Microsoft SQL Server\150\Tools\Binn\;C:\Program Files\nodejs\;C:\ProgramData\chocolatey\bin;C:\Program Files (x86)\GnuWin32\bin;C:\Program Files\Go\bin;C:\protoc-26.1-win64\bin;C:\Program Files\MongoDB\Server\5.0\bin;C:\Users\Lenovo\AppData\Local\Programs\Python\Python312;C:\Users\Lenovo\AppData\Local\Programs\Python\Python311\Scripts\uvicorn;C:\Program Files\Docker\Docker\resources\bin;C:\Program Files\Git\cmd;C:\Users\Lenovo\AppData\Local\Programs\Python\Python311\Scripts\;C:\Users\Lenovo\AppData\Local\Programs\Python\Python311\;C:\Program Files\MySQL\MySQL Shell 8.0\bin\;C:\Users\Lenovo\scoop\shims;C:\Users\Lenovo\AppData\Local\Microsoft\WindowsApps;C:\Users\Lenovo\AppData\Local\Programs\Microsoft VS Code\bin;C:\Users\Lenovo\AppData\Local\GitHubDesktop\bin;C:\Users\Lenovo\.dotnet\tools;C:\Program Files\Azure Data Studio\bin;C:\Users\Lenovo\AppData\Roaming\npm;C:\msys64\mingw64\bin;C:\Users\Lenovo\go\bin
USERNAME=Lenovo
OS=Windows_NT
PROCESSOR_IDENTIFIER=AMD64 Family 23 Model 17 Stepping 0, AuthenticAMD



---------------  S Y S T E M  ---------------

OS:
 Windows 10 , 64 bit Build 19041 (10.0.19041.5915)
OS uptime: 8 days 3:46 hours
Hyper-V role detected

CPU: total 8 (initial active 8) (8 cores per cpu, 2 threads per core) family 23 model 17 stepping 0 microcode 0x0, cx8, cmov, fxsr, ht, mmx, 3dnowpref, sse, sse2, sse3, ssse3, sse4a, sse4.1, sse4.2, popcnt, lzcnt, tsc, tscinvbit, avx, avx2, aes, clmul, bmi1, bmi2, adx, sha, fma, vzeroupper, clflush, clflushopt, hv

Memory: 4k page, system-wide physical 3638M (91M free)
TotalPageFile size 14902M (AvailPageFile size 4M)
current process WorkingSet (physical memory assigned to process): 173M, peak: 250M
current process commit charge ("private bytes"): 327M, peak: 347M

vm_info: Java HotSpot(TM) 64-Bit Server VM (17.0.3.1+2-LTS-6) for windows-amd64 JRE (17.0.3.1+2-LTS-6), built on Apr 25 2022 22:04:21 by "mach5one" with MS VC++ 16.8 / 16.9 (VS2019)

END.
